TN:
SF:C:\Users\Lastborn\Desktop\WayFarer\src/index.js
FN:15,(anonymous_1)
FN:25,(anonymous_2)
FN:31,(anonymous_3)
FN:42,(anonymous_4)
FNF:4
FNH:4
FNDA:1,(anonymous_1)
FNDA:1,(anonymous_2)
FNDA:2,(anonymous_3)
FNDA:1,(anonymous_4)
DA:1,1
DA:2,1
DA:3,1
DA:4,1
DA:5,1
DA:6,1
DA:8,1
DA:9,1
DA:10,1
DA:13,1
DA:15,1
DA:21,1
DA:22,1
DA:23,1
DA:25,1
DA:26,1
DA:27,1
DA:28,1
DA:31,1
DA:32,2
DA:33,2
DA:39,2
DA:42,1
DA:43,1
DA:46,1
LF:25
LH:25
BRDA:13,0,0,1
BRDA:13,0,1,0
BRDA:32,1,0,2
BRDA:32,1,1,1
BRDA:34,2,0,2
BRDA:34,2,1,1
BRF:6
BRH:5
end_of_record
TN:
SF:C:\Users\Lastborn\Desktop\WayFarer\src\controllers/bus.js
FNF:0
FNH:0
DA:1,1
DA:14,1
LF:2
LH:2
BRF:0
BRH:0
end_of_record
TN:
SF:C:\Users\Lastborn\Desktop\WayFarer\src\controllers/trip.js
FNF:0
FNH:0
DA:1,1
DA:23,1
LF:2
LH:2
BRF:0
BRH:0
end_of_record
TN:
SF:C:\Users\Lastborn\Desktop\WayFarer\src\controllers/user.js
FNF:0
FNH:0
DA:1,1
DA:47,1
LF:2
LH:2
BRF:0
BRH:0
end_of_record
TN:
SF:C:\Users\Lastborn\Desktop\WayFarer\src\middleware/auth.js
FN:22,getUser
FN:52,adminCheck
FNF:2
FNH:2
FNDA:25,getUser
FNDA:17,adminCheck
DA:1,1
DA:2,1
DA:4,1
DA:23,25
DA:24,25
DA:25,25
DA:26,25
DA:28,19
DA:29,19
DA:30,19
DA:32,19
DA:34,6
DA:53,17
DA:54,2
DA:61,15
DA:65,1
LF:16
LH:16
BRDA:24,0,0,0
BRDA:24,0,1,25
BRDA:53,1,0,2
BRDA:53,1,1,15
BRF:4
BRH:3
end_of_record
TN:
SF:C:\Users\Lastborn\Desktop\WayFarer\src\middleware/busvalidator.js
FN:36,inputCheck
FNF:1
FNH:1
FNDA:7,inputCheck
DA:1,1
DA:2,1
DA:8,7
DA:9,7
DA:10,7
DA:11,7
DA:27,2
DA:28,2
DA:29,2
DA:30,2
DA:31,2
DA:37,7
DA:41,7
DA:42,7
DA:44,7
DA:45,7
DA:47,7
DA:48,7
DA:50,7
DA:51,7
DA:53,7
DA:54,7
DA:56,7
DA:57,7
DA:59,7
DA:60,7
DA:62,7
DA:63,7
DA:65,7
DA:66,7
DA:68,7
DA:69,7
DA:72,7
DA:76,1
LF:34
LH:34
BRDA:8,0,0,7
BRDA:8,0,1,0
BRDA:9,1,0,6
BRDA:9,1,1,1
BRDA:10,2,0,6
BRDA:10,2,1,1
BRDA:11,3,0,6
BRDA:11,3,1,1
BRDA:42,4,0,0
BRDA:42,4,1,7
BRDA:45,5,0,0
BRDA:45,5,1,7
BRDA:48,6,0,1
BRDA:48,6,1,6
BRDA:51,7,0,0
BRDA:51,7,1,7
BRDA:54,8,0,1
BRDA:54,8,1,6
BRDA:57,9,0,0
BRDA:57,9,1,7
BRDA:60,10,0,1
BRDA:60,10,1,6
BRDA:63,11,0,0
BRDA:63,11,1,7
BRDA:66,12,0,1
BRDA:66,12,1,6
BRDA:69,13,0,2
BRDA:69,13,1,5
BRF:28
BRH:22
end_of_record
TN:
SF:C:\Users\Lastborn\Desktop\WayFarer\src\middleware/helper.js
FN:22,getToken
FN:34,hashPassword
FN:48,comparePassword
FN:60,checkFieldEmpty
FN:79,checkFieldWhiteSpace
FN:98,checkFieldAlpha
FN:111,checkFieldNumber
FN:123,validateEmail
FNF:8
FNH:8
FNDA:7,getToken
FNDA:5,hashPassword
FNDA:7,comparePassword
FNDA:145,checkFieldEmpty
FNDA:100,checkFieldWhiteSpace
FNDA:20,checkFieldAlpha
FNDA:23,checkFieldNumber
FNDA:4,validateEmail
DA:1,3
DA:2,3
DA:3,3
DA:4,3
DA:6,3
DA:23,7
DA:35,5
DA:36,5
DA:49,7
DA:50,7
DA:61,145
DA:62,19
DA:69,126
DA:80,100
DA:81,0
DA:88,100
DA:99,20
DA:100,20
DA:101,4
DA:108,16
DA:112,23
DA:113,5
DA:120,18
DA:126,4
DA:128,4
DA:129,1
DA:136,3
DA:140,3
LF:28
LH:27
BRDA:61,0,0,19
BRDA:61,0,1,126
BRDA:80,1,0,0
BRDA:80,1,1,100
BRDA:100,2,0,4
BRDA:100,2,1,16
BRDA:112,3,0,5
BRDA:112,3,1,18
BRDA:128,4,0,1
BRDA:128,4,1,3
BRF:10
BRH:9
end_of_record
TN:
SF:C:\Users\Lastborn\Desktop\WayFarer\src\middleware/tripvalidator.js
FN:51,inputCheck
FNF:1
FNH:1
FNDA:8,inputCheck
DA:1,1
DA:2,1
DA:3,1
DA:11,8
DA:12,8
DA:13,8
DA:14,8
DA:42,1
DA:43,1
DA:44,1
DA:45,1
DA:46,1
DA:52,8
DA:56,8
DA:57,8
DA:59,8
DA:60,8
DA:62,8
DA:63,8
DA:65,8
DA:66,8
DA:68,8
DA:69,8
DA:71,8
DA:72,8
DA:74,8
DA:75,8
DA:77,8
DA:78,8
DA:80,8
DA:81,8
DA:83,8
DA:84,8
DA:86,8
DA:87,8
DA:90,8
DA:94,1
LF:37
LH:37
BRDA:11,0,0,7
BRDA:11,0,1,1
BRDA:12,1,0,7
BRDA:12,1,1,1
BRDA:13,2,0,7
BRDA:13,2,1,1
BRDA:14,3,0,7
BRDA:14,3,1,1
BRDA:57,4,0,1
BRDA:57,4,1,7
BRDA:60,5,0,0
BRDA:60,5,1,8
BRDA:63,6,0,1
BRDA:63,6,1,7
BRDA:66,7,0,1
BRDA:66,7,1,7
BRDA:69,8,0,0
BRDA:69,8,1,8
BRDA:72,9,0,1
BRDA:72,9,1,7
BRDA:75,10,0,0
BRDA:75,10,1,8
BRDA:78,11,0,1
BRDA:78,11,1,7
BRDA:81,12,0,0
BRDA:81,12,1,8
BRDA:84,13,0,1
BRDA:84,13,1,7
BRDA:87,14,0,2
BRDA:87,14,1,6
BRF:30
BRH:26
end_of_record
TN:
SF:C:\Users\Lastborn\Desktop\WayFarer\src\middleware/uservalidator.js
FN:84,loginCheck
FN:118,inputCheck
FNF:2
FNH:2
FNDA:10,loginCheck
FNDA:10,inputCheck
DA:1,1
DA:2,1
DA:24,10
DA:25,10
DA:26,10
DA:27,10
DA:28,10
DA:67,1
DA:68,1
DA:69,1
DA:70,1
DA:84,10
DA:85,10
DA:87,10
DA:88,10
DA:90,10
DA:93,10
DA:94,10
DA:96,10
DA:97,10
DA:99,10
DA:101,8
DA:102,8
DA:103,8
DA:119,10
DA:122,10
DA:123,10
DA:125,10
DA:126,10
DA:129,10
DA:130,10
DA:132,10
DA:133,10
DA:135,10
DA:136,10
DA:138,10
DA:139,10
DA:141,10
DA:142,10
DA:144,10
DA:145,10
DA:147,10
DA:148,10
DA:150,10
DA:151,10
DA:153,10
DA:154,10
DA:156,10
DA:160,1
LF:49
LH:49
BRDA:24,0,0,9
BRDA:24,0,1,1
BRDA:25,1,0,9
BRDA:25,1,1,1
BRDA:26,2,0,9
BRDA:26,2,1,1
BRDA:27,3,0,9
BRDA:27,3,1,1
BRDA:28,4,0,6
BRDA:28,4,1,4
BRDA:87,5,0,9
BRDA:87,5,1,1
BRDA:88,6,0,9
BRDA:88,6,1,1
BRDA:94,7,0,1
BRDA:94,7,1,9
BRDA:97,8,0,1
BRDA:97,8,1,9
BRDA:99,9,0,2
BRDA:99,9,1,8
BRDA:123,10,0,1
BRDA:123,10,1,9
BRDA:126,11,0,0
BRDA:126,11,1,10
BRDA:130,12,0,2
BRDA:130,12,1,8
BRDA:133,13,0,1
BRDA:133,13,1,9
BRDA:136,14,0,0
BRDA:136,14,1,10
BRDA:139,15,0,2
BRDA:139,15,1,8
BRDA:142,16,0,1
BRDA:142,16,1,9
BRDA:145,17,0,0
BRDA:145,17,1,10
BRDA:148,18,0,1
BRDA:148,18,1,9
BRDA:151,19,0,0
BRDA:151,19,1,10
BRDA:154,20,0,4
BRDA:154,20,1,6
BRF:42
BRH:38
end_of_record
TN:
SF:C:\Users\Lastborn\Desktop\WayFarer\src\model/admin.js
FN:40,(anonymous_7)
FN:40,_callee
FN:40,insertAdmins
FNF:3
FNH:3
FNDA:1,(anonymous_7)
FNDA:6,_callee
FNDA:1,insertAdmins
DA:1,1
DA:2,1
DA:4,1
DA:12,1
DA:21,1
DA:30,1
DA:40,20
DA:41,1
DA:47,1
DA:55,1
DA:57,1
LF:11
LH:11
BRDA:40,0,0,1
BRDA:40,0,1,1
BRDA:40,0,2,1
BRDA:40,0,3,1
BRDA:40,0,4,1
BRDA:40,0,5,1
BRF:6
BRH:6
end_of_record
TN:
SF:C:\Users\Lastborn\Desktop\WayFarer\src\model/bus.js
FNF:0
FNH:0
DA:1,1
DA:33,1
LF:2
LH:2
BRF:0
BRH:0
end_of_record
TN:
SF:C:\Users\Lastborn\Desktop\WayFarer\src\model/db.js
FN:9,query
FN:11,(anonymous_2)
FN:13,(anonymous_3)
FN:16,(anonymous_4)
FNF:4
FNH:4
FNDA:37,query
FNDA:37,(anonymous_2)
FNDA:36,(anonymous_3)
FNDA:1,(anonymous_4)
DA:1,3
DA:2,3
DA:4,3
DA:6,3
DA:9,3
DA:11,37
DA:12,37
DA:14,36
DA:17,1
LF:9
LH:9
BRF:0
BRH:0
end_of_record
TN:
SF:C:\Users\Lastborn\Desktop\WayFarer\src\model/trip.js
FNF:0
FNH:0
DA:1,1
DA:22,1
LF:2
LH:2
BRF:0
BRH:0
end_of_record
TN:
SF:C:\Users\Lastborn\Desktop\WayFarer\src\model/usermodel.js
FNF:0
FNH:0
DA:2,3
DA:23,1
DA:60,3
LF:3
LH:3
BRF:0
BRH:0
end_of_record
TN:
SF:C:\Users\Lastborn\Desktop\WayFarer\src\model\migrations/down.js
FN:11,(anonymous_7)
FN:18,(anonymous_8)
FN:18,_callee
FN:18,dropTable
FN:23,(anonymous_12)
FNF:5
FNH:5
FNDA:1,(anonymous_7)
FNDA:1,(anonymous_8)
FNDA:3,_callee
FNDA:1,dropTable
FNDA:1,(anonymous_12)
DA:1,1
DA:2,1
DA:4,1
DA:5,1
DA:7,1
DA:11,1
DA:12,1
DA:18,7
DA:20,1
DA:23,1
DA:24,1
DA:25,1
DA:28,1
DA:29,1
LF:14
LH:14
BRDA:18,0,0,1
BRDA:18,0,1,1
BRDA:18,0,2,0
BRDA:18,0,3,0
BRF:4
BRH:2
end_of_record
TN:
SF:C:\Users\Lastborn\Desktop\WayFarer\src\model\migrations/seed.js
FN:83,(anonymous_7)
FN:83,_callee
FN:89,(anonymous_10)
FN:92,(anonymous_11)
FN:83,createUsers
FN:97,(anonymous_13)
FN:97,_callee2
FN:103,(anonymous_16)
FN:106,(anonymous_17)
FN:97,createBuses
FN:111,(anonymous_19)
FN:111,_callee3
FN:117,(anonymous_22)
FN:120,(anonymous_23)
FN:111,createTrips
FN:125,(anonymous_25)
FN:125,_callee4
FN:125,insertData
FNF:18
FNH:15
FNDA:1,(anonymous_7)
FNDA:5,_callee
FNDA:1,(anonymous_10)
FNDA:0,(anonymous_11)
FNDA:1,createUsers
FNDA:1,(anonymous_13)
FNDA:5,_callee2
FNDA:1,(anonymous_16)
FNDA:0,(anonymous_17)
FNDA:1,createBuses
FNDA:1,(anonymous_19)
FNDA:5,_callee3
FNDA:1,(anonymous_22)
FNDA:0,(anonymous_23)
FNDA:1,createTrips
FNDA:1,(anonymous_25)
FNDA:5,_callee4
FNDA:1,insertData
DA:1,1
DA:2,1
DA:5,1
DA:13,1
DA:21,1
DA:29,1
DA:38,1
DA:47,1
DA:56,1
DA:65,1
DA:74,1
DA:83,16
DA:84,1
DA:90,1
DA:93,0
DA:97,16
DA:98,1
DA:104,1
DA:107,0
DA:111,16
DA:112,1
DA:118,1
DA:121,0
DA:125,16
DA:131,1
DA:135,1
LF:26
LH:23
BRDA:83,0,0,1
BRDA:83,0,1,1
BRDA:83,0,2,1
BRDA:83,0,3,1
BRDA:83,0,4,1
BRDA:97,1,0,1
BRDA:97,1,1,1
BRDA:97,1,2,1
BRDA:97,1,3,1
BRDA:97,1,4,1
BRDA:111,2,0,1
BRDA:111,2,1,1
BRDA:111,2,2,1
BRDA:111,2,3,1
BRDA:111,2,4,1
BRDA:125,3,0,1
BRDA:125,3,1,1
BRDA:125,3,2,1
BRDA:125,3,3,1
BRDA:125,3,4,1
BRF:20
BRH:20
end_of_record
TN:
SF:C:\Users\Lastborn\Desktop\WayFarer\src\model\migrations/up.js
FN:11,(anonymous_7)
FN:15,(anonymous_8)
FN:22,(anonymous_9)
FN:22,_callee
FN:22,createTableSchema
FNF:5
FNH:4
FNDA:1,(anonymous_7)
FNDA:0,(anonymous_8)
FNDA:1,(anonymous_9)
FNDA:3,_callee
FNDA:1,createTableSchema
DA:1,1
DA:2,1
DA:4,1
DA:5,1
DA:7,1
DA:11,1
DA:12,1
DA:15,1
DA:16,0
DA:22,8
DA:23,1
DA:58,1
DA:61,1
LF:13
LH:12
BRDA:22,0,0,1
BRDA:22,0,1,1
BRDA:22,0,2,1
BRDA:22,0,3,1
BRF:4
BRH:4
end_of_record
TN:
SF:C:\Users\Lastborn\Desktop\WayFarer\src\routes/bus.js
FNF:0
FNH:0
DA:1,1
DA:2,1
DA:3,1
DA:4,1
DA:6,1
DA:7,1
DA:8,1
DA:10,1
DA:12,1
DA:14,1
LF:10
LH:10
BRF:0
BRH:0
end_of_record
TN:
SF:C:\Users\Lastborn\Desktop\WayFarer\src\routes/trip.js
FNF:0
FNH:0
DA:1,1
DA:2,1
DA:3,1
DA:4,1
DA:6,1
DA:7,1
DA:8,1
DA:10,1
DA:12,1
DA:13,1
DA:15,1
LF:11
LH:11
BRF:0
BRH:0
end_of_record
TN:
SF:C:\Users\Lastborn\Desktop\WayFarer\src\routes/user.js
FNF:0
FNH:0
DA:1,1
DA:3,1
DA:5,1
DA:7,1
DA:8,1
DA:10,1
DA:12,1
DA:13,1
DA:15,1
LF:9
LH:9
BRF:0
BRH:0
end_of_record
TN:
SF:C:\Users\Lastborn\Desktop\WayFarer\src\services/bus.js
FNF:0
FNH:0
DA:1,1
DA:6,1
DA:7,1
DA:19,1
LF:4
LH:4
BRF:0
BRH:0
end_of_record
TN:
SF:C:\Users\Lastborn\Desktop\WayFarer\src\services/trip.js
FNF:0
FNH:0
DA:1,1
DA:2,1
DA:8,1
DA:9,1
DA:11,1
DA:12,1
DA:43,1
LF:7
LH:7
BRDA:8,0,0,1
BRDA:8,0,1,0
BRF:2
BRH:1
end_of_record
TN:
SF:C:\Users\Lastborn\Desktop\WayFarer\src\services/user.js
FNF:0
FNH:0
DA:1,1
DA:2,1
DA:32,1
DA:33,1
DA:34,1
DA:97,1
LF:6
LH:6
BRF:0
BRH:0
end_of_record
