TN:
SF:C:\Users\Lastborn\Desktop\WayFarer\src/index.js
FN:16,(anonymous_1)
FN:27,(anonymous_2)
FN:33,(anonymous_3)
FN:44,(anonymous_4)
FNF:4
FNH:4
FNDA:1,(anonymous_1)
FNDA:1,(anonymous_2)
FNDA:1,(anonymous_3)
FNDA:1,(anonymous_4)
DA:1,1
DA:2,1
DA:3,1
DA:4,1
DA:5,1
DA:6,1
DA:7,1
DA:9,1
DA:10,1
DA:11,1
DA:14,1
DA:16,1
DA:22,1
DA:23,1
DA:24,1
DA:25,1
DA:27,1
DA:28,1
DA:29,1
DA:30,1
DA:33,1
DA:34,1
DA:35,1
DA:41,1
DA:44,1
DA:45,1
DA:48,1
LF:27
LH:27
BRDA:14,0,0,1
BRDA:14,0,1,0
BRDA:34,1,0,1
BRDA:34,1,1,0
BRDA:37,2,0,1
BRDA:37,2,1,0
BRF:6
BRH:3
end_of_record
TN:
SF:C:\Users\Lastborn\Desktop\WayFarer\src\controllers/booking.js
FNF:0
FNH:0
DA:1,1
DA:32,1
LF:2
LH:2
BRF:0
BRH:0
end_of_record
TN:
SF:C:\Users\Lastborn\Desktop\WayFarer\src\controllers/bus.js
FNF:0
FNH:0
DA:1,1
DA:14,1
LF:2
LH:2
BRF:0
BRH:0
end_of_record
TN:
SF:C:\Users\Lastborn\Desktop\WayFarer\src\controllers/trip.js
FNF:0
FNH:0
DA:1,1
DA:23,1
LF:2
LH:2
BRF:0
BRH:0
end_of_record
TN:
SF:C:\Users\Lastborn\Desktop\WayFarer\src\controllers/user.js
FNF:0
FNH:0
DA:1,1
DA:47,1
LF:2
LH:2
BRF:0
BRH:0
end_of_record
TN:
SF:C:\Users\Lastborn\Desktop\WayFarer\src\middleware/auth.js
FN:22,getUser
FN:52,adminCheck
FN:64,notAdminCheck
FNF:3
FNH:3
FNDA:41,getUser
FNDA:17,adminCheck
FNDA:10,notAdminCheck
DA:1,1
DA:2,1
DA:4,1
DA:23,41
DA:24,41
DA:25,41
DA:26,41
DA:28,31
DA:29,31
DA:30,31
DA:32,31
DA:34,10
DA:53,17
DA:54,2
DA:61,15
DA:65,10
DA:66,2
DA:73,8
DA:77,1
LF:19
LH:19
BRDA:24,0,0,0
BRDA:24,0,1,41
BRDA:53,1,0,2
BRDA:53,1,1,15
BRDA:65,2,0,2
BRDA:65,2,1,8
BRF:6
BRH:5
end_of_record
TN:
SF:C:\Users\Lastborn\Desktop\WayFarer\src\middleware/bookingvalidator.js
FN:21,inputCheck
FNF:1
FNH:1
FNDA:5,inputCheck
DA:3,1
DA:4,1
DA:15,1
DA:16,1
DA:22,5
DA:26,5
DA:27,5
DA:29,5
DA:30,5
DA:32,5
DA:33,5
DA:35,5
DA:36,5
DA:38,5
DA:39,5
DA:41,5
DA:42,5
DA:44,5
DA:48,1
LF:19
LH:19
BRDA:27,0,0,1
BRDA:27,0,1,4
BRDA:30,1,0,0
BRDA:30,1,1,5
BRDA:33,2,0,2
BRDA:33,2,1,3
BRDA:36,3,0,1
BRDA:36,3,1,4
BRDA:39,4,0,0
BRDA:39,4,1,5
BRDA:42,5,0,2
BRDA:42,5,1,3
BRF:12
BRH:10
end_of_record
TN:
SF:C:\Users\Lastborn\Desktop\WayFarer\src\middleware/busvalidator.js
FN:37,inputCheck
FNF:1
FNH:1
FNDA:7,inputCheck
DA:2,1
DA:3,1
DA:9,7
DA:10,7
DA:11,7
DA:12,7
DA:28,1
DA:29,1
DA:30,1
DA:31,1
DA:32,1
DA:38,7
DA:42,7
DA:43,7
DA:45,7
DA:46,7
DA:48,7
DA:49,7
DA:51,7
DA:52,7
DA:54,7
DA:55,7
DA:57,7
DA:58,7
DA:60,7
DA:61,7
DA:63,7
DA:64,7
DA:66,7
DA:67,7
DA:69,7
DA:70,7
DA:73,7
DA:77,1
LF:34
LH:34
BRDA:9,0,0,6
BRDA:9,0,1,1
BRDA:10,1,0,6
BRDA:10,1,1,1
BRDA:11,2,0,6
BRDA:11,2,1,1
BRDA:12,3,0,6
BRDA:12,3,1,1
BRDA:43,4,0,1
BRDA:43,4,1,6
BRDA:46,5,0,0
BRDA:46,5,1,7
BRDA:49,6,0,1
BRDA:49,6,1,6
BRDA:52,7,0,0
BRDA:52,7,1,7
BRDA:55,8,0,1
BRDA:55,8,1,6
BRDA:58,9,0,0
BRDA:58,9,1,7
BRDA:61,10,0,1
BRDA:61,10,1,6
BRDA:64,11,0,0
BRDA:64,11,1,7
BRDA:67,12,0,1
BRDA:67,12,1,6
BRDA:70,13,0,2
BRDA:70,13,1,5
BRF:28
BRH:24
end_of_record
TN:
SF:C:\Users\Lastborn\Desktop\WayFarer\src\middleware/helper.js
FN:21,getToken
FN:33,hashPassword
FN:47,comparePassword
FN:59,checkFieldEmpty
FN:78,checkFieldWhiteSpace
FN:97,checkFieldAlpha
FN:110,checkFieldNumber
FN:122,validateEmail
FNF:8
FNH:8
FNDA:10,getToken
FNDA:6,hashPassword
FNDA:9,comparePassword
FNDA:164,checkFieldEmpty
FNDA:114,checkFieldWhiteSpace
FNDA:22,checkFieldAlpha
FNDA:33,checkFieldNumber
FNDA:5,validateEmail
DA:1,3
DA:2,3
DA:3,3
DA:5,3
DA:22,10
DA:34,6
DA:35,6
DA:48,9
DA:49,9
DA:60,164
DA:61,22
DA:68,142
DA:79,114
DA:80,0
DA:87,114
DA:98,22
DA:99,22
DA:100,4
DA:107,18
DA:111,33
DA:112,9
DA:119,24
DA:125,5
DA:127,5
DA:128,1
DA:135,4
DA:139,3
LF:27
LH:26
BRDA:60,0,0,22
BRDA:60,0,1,142
BRDA:79,1,0,0
BRDA:79,1,1,114
BRDA:99,2,0,4
BRDA:99,2,1,18
BRDA:111,3,0,9
BRDA:111,3,1,24
BRDA:127,4,0,1
BRDA:127,4,1,4
BRF:10
BRH:9
end_of_record
TN:
SF:C:\Users\Lastborn\Desktop\WayFarer\src\middleware/tripvalidator.js
FN:53,inputCheck
FNF:1
FNH:1
FNDA:8,inputCheck
DA:3,1
DA:4,1
DA:5,1
DA:13,8
DA:14,8
DA:15,8
DA:16,8
DA:44,1
DA:45,1
DA:46,1
DA:47,1
DA:48,1
DA:54,8
DA:58,8
DA:59,8
DA:61,8
DA:62,8
DA:64,8
DA:65,8
DA:67,8
DA:68,8
DA:70,8
DA:71,8
DA:73,8
DA:74,8
DA:76,8
DA:77,8
DA:79,8
DA:80,8
DA:82,8
DA:83,8
DA:85,8
DA:86,8
DA:88,8
DA:89,8
DA:92,8
DA:96,1
LF:37
LH:37
BRDA:13,0,0,7
BRDA:13,0,1,1
BRDA:14,1,0,7
BRDA:14,1,1,1
BRDA:15,2,0,7
BRDA:15,2,1,1
BRDA:16,3,0,7
BRDA:16,3,1,1
BRDA:59,4,0,1
BRDA:59,4,1,7
BRDA:62,5,0,0
BRDA:62,5,1,8
BRDA:65,6,0,1
BRDA:65,6,1,7
BRDA:68,7,0,1
BRDA:68,7,1,7
BRDA:71,8,0,0
BRDA:71,8,1,8
BRDA:74,9,0,1
BRDA:74,9,1,7
BRDA:77,10,0,0
BRDA:77,10,1,8
BRDA:80,11,0,1
BRDA:80,11,1,7
BRDA:83,12,0,0
BRDA:83,12,1,8
BRDA:86,13,0,1
BRDA:86,13,1,7
BRDA:89,14,0,2
BRDA:89,14,1,6
BRF:30
BRH:26
end_of_record
TN:
SF:C:\Users\Lastborn\Desktop\WayFarer\src\middleware/uservalidator.js
FN:85,loginCheck
FN:119,inputCheck
FNF:2
FNH:2
FNDA:12,loginCheck
FNDA:11,inputCheck
DA:2,1
DA:3,1
DA:25,11
DA:26,11
DA:27,11
DA:28,11
DA:29,11
DA:68,2
DA:69,2
DA:70,2
DA:71,2
DA:85,12
DA:86,12
DA:88,12
DA:89,12
DA:91,12
DA:94,12
DA:95,12
DA:97,12
DA:98,12
DA:100,12
DA:102,10
DA:103,10
DA:104,10
DA:120,11
DA:123,11
DA:124,11
DA:126,11
DA:127,11
DA:130,11
DA:131,11
DA:133,11
DA:134,11
DA:136,11
DA:137,11
DA:139,11
DA:140,11
DA:142,11
DA:143,11
DA:145,11
DA:146,11
DA:148,11
DA:149,11
DA:151,11
DA:152,11
DA:154,11
DA:155,11
DA:157,11
DA:161,1
LF:49
LH:49
BRDA:25,0,0,10
BRDA:25,0,1,1
BRDA:26,1,0,10
BRDA:26,1,1,1
BRDA:27,2,0,10
BRDA:27,2,1,1
BRDA:28,3,0,10
BRDA:28,3,1,1
BRDA:29,4,0,7
BRDA:29,4,1,4
BRDA:88,5,0,11
BRDA:88,5,1,1
BRDA:89,6,0,11
BRDA:89,6,1,1
BRDA:95,7,0,1
BRDA:95,7,1,11
BRDA:98,8,0,1
BRDA:98,8,1,11
BRDA:100,9,0,2
BRDA:100,9,1,10
BRDA:124,10,0,1
BRDA:124,10,1,10
BRDA:127,11,0,0
BRDA:127,11,1,11
BRDA:131,12,0,2
BRDA:131,12,1,9
BRDA:134,13,0,1
BRDA:134,13,1,10
BRDA:137,14,0,0
BRDA:137,14,1,11
BRDA:140,15,0,2
BRDA:140,15,1,9
BRDA:143,16,0,1
BRDA:143,16,1,10
BRDA:146,17,0,0
BRDA:146,17,1,11
BRDA:149,18,0,1
BRDA:149,18,1,10
BRDA:152,19,0,0
BRDA:152,19,1,11
BRDA:155,20,0,4
BRDA:155,20,1,7
BRF:42
BRH:38
end_of_record
TN:
SF:C:\Users\Lastborn\Desktop\WayFarer\src\model/admin.js
FN:40,(anonymous_7)
FN:40,_callee
FN:40,insertAdmins
FNF:3
FNH:3
FNDA:1,(anonymous_7)
FNDA:6,_callee
FNDA:1,insertAdmins
DA:1,1
DA:2,1
DA:4,1
DA:12,1
DA:21,1
DA:30,1
DA:40,20
DA:41,1
DA:47,1
DA:55,1
DA:57,1
LF:11
LH:11
BRDA:40,0,0,1
BRDA:40,0,1,1
BRDA:40,0,2,1
BRDA:40,0,3,1
BRDA:40,0,4,1
BRDA:40,0,5,1
BRF:6
BRH:6
end_of_record
TN:
SF:C:\Users\Lastborn\Desktop\WayFarer\src\model/booking.js
FNF:0
FNH:0
DA:2,1
DA:48,1
LF:2
LH:2
BRF:0
BRH:0
end_of_record
TN:
SF:C:\Users\Lastborn\Desktop\WayFarer\src\model/bus.js
FNF:0
FNH:0
DA:2,1
DA:34,1
LF:2
LH:2
BRF:0
BRH:0
end_of_record
TN:
SF:C:\Users\Lastborn\Desktop\WayFarer\src\model/db.js
FN:17,query
FN:19,(anonymous_2)
FN:21,(anonymous_3)
FN:24,(anonymous_4)
FNF:4
FNH:3
FNDA:52,query
FNDA:52,(anonymous_2)
FNDA:52,(anonymous_3)
FNDA:0,(anonymous_4)
DA:1,3
DA:2,3
DA:4,3
DA:8,3
DA:9,3
DA:11,0
DA:14,3
DA:17,3
DA:19,52
DA:20,52
DA:22,52
DA:25,0
LF:12
LH:10
BRDA:8,0,0,3
BRDA:8,0,1,0
BRF:2
BRH:1
end_of_record
TN:
SF:C:\Users\Lastborn\Desktop\WayFarer\src\model/trip.js
FNF:0
FNH:0
DA:2,1
DA:29,1
LF:2
LH:2
BRF:0
BRH:0
end_of_record
TN:
SF:C:\Users\Lastborn\Desktop\WayFarer\src\model/usermodel.js
FNF:0
FNH:0
DA:3,1
DA:24,2
DA:68,1
LF:3
LH:3
BRF:0
BRH:0
end_of_record
TN:
SF:C:\Users\Lastborn\Desktop\WayFarer\src\model\migrations/down.js
FN:19,(anonymous_7)
FN:26,(anonymous_8)
FN:26,_callee
FN:26,dropTable
FN:31,(anonymous_12)
FNF:5
FNH:5
FNDA:1,(anonymous_7)
FNDA:1,(anonymous_8)
FNDA:3,_callee
FNDA:1,dropTable
FNDA:1,(anonymous_12)
DA:1,1
DA:2,1
DA:4,1
DA:5,1
DA:9,1
DA:10,1
DA:12,0
DA:15,1
DA:19,1
DA:20,1
DA:26,7
DA:28,1
DA:31,1
DA:32,1
DA:33,1
DA:36,1
DA:37,1
LF:17
LH:16
BRDA:9,0,0,1
BRDA:9,0,1,0
BRDA:26,1,0,1
BRDA:26,1,1,1
BRDA:26,1,2,0
BRDA:26,1,3,0
BRF:6
BRH:3
end_of_record
TN:
SF:C:\Users\Lastborn\Desktop\WayFarer\src\model\migrations/seed.js
FN:101,(anonymous_7)
FN:101,_callee
FN:107,(anonymous_10)
FN:110,(anonymous_11)
FN:101,createUsers
FN:115,(anonymous_13)
FN:115,_callee2
FN:121,(anonymous_16)
FN:124,(anonymous_17)
FN:115,createBuses
FN:129,(anonymous_19)
FN:129,_callee3
FN:135,(anonymous_22)
FN:138,(anonymous_23)
FN:129,createTrips
FN:143,(anonymous_25)
FN:143,_callee4
FN:149,(anonymous_28)
FN:152,(anonymous_29)
FN:143,createBookings
FN:157,(anonymous_31)
FN:157,_callee5
FN:157,insertData
FNF:23
FNH:19
FNDA:1,(anonymous_7)
FNDA:5,_callee
FNDA:1,(anonymous_10)
FNDA:0,(anonymous_11)
FNDA:1,createUsers
FNDA:1,(anonymous_13)
FNDA:5,_callee2
FNDA:1,(anonymous_16)
FNDA:0,(anonymous_17)
FNDA:1,createBuses
FNDA:1,(anonymous_19)
FNDA:5,_callee3
FNDA:1,(anonymous_22)
FNDA:0,(anonymous_23)
FNDA:1,createTrips
FNDA:1,(anonymous_25)
FNDA:5,_callee4
FNDA:1,(anonymous_28)
FNDA:0,(anonymous_29)
FNDA:1,createBookings
FNDA:1,(anonymous_31)
FNDA:6,_callee5
FNDA:1,insertData
DA:1,1
DA:2,1
DA:5,1
DA:13,1
DA:21,1
DA:29,1
DA:38,1
DA:47,1
DA:56,1
DA:65,1
DA:74,1
DA:83,1
DA:89,1
DA:95,1
DA:101,16
DA:102,1
DA:108,1
DA:111,0
DA:115,16
DA:116,1
DA:122,1
DA:125,0
DA:129,16
DA:130,1
DA:136,1
DA:139,0
DA:143,16
DA:144,1
DA:150,1
DA:153,0
DA:157,20
DA:164,1
DA:168,1
LF:33
LH:29
BRDA:101,0,0,1
BRDA:101,0,1,1
BRDA:101,0,2,1
BRDA:101,0,3,1
BRDA:101,0,4,1
BRDA:115,1,0,1
BRDA:115,1,1,1
BRDA:115,1,2,1
BRDA:115,1,3,1
BRDA:115,1,4,1
BRDA:129,2,0,1
BRDA:129,2,1,1
BRDA:129,2,2,1
BRDA:129,2,3,1
BRDA:129,2,4,1
BRDA:143,3,0,1
BRDA:143,3,1,1
BRDA:143,3,2,1
BRDA:143,3,3,1
BRDA:143,3,4,1
BRDA:157,4,0,1
BRDA:157,4,1,1
BRDA:157,4,2,1
BRDA:157,4,3,1
BRDA:157,4,4,1
BRDA:157,4,5,1
BRF:26
BRH:26
end_of_record
TN:
SF:C:\Users\Lastborn\Desktop\WayFarer\src\model\migrations/up.js
FN:19,(anonymous_7)
FN:23,(anonymous_8)
FN:30,(anonymous_9)
FN:30,_callee
FN:30,createTableSchema
FNF:5
FNH:4
FNDA:1,(anonymous_7)
FNDA:0,(anonymous_8)
FNDA:1,(anonymous_9)
FNDA:3,_callee
FNDA:1,createTableSchema
DA:1,1
DA:2,1
DA:4,1
DA:5,1
DA:9,1
DA:10,1
DA:12,0
DA:15,1
DA:19,1
DA:20,1
DA:23,1
DA:24,0
DA:30,8
DA:31,1
DA:67,1
DA:70,1
LF:16
LH:14
BRDA:9,0,0,1
BRDA:9,0,1,0
BRDA:30,1,0,1
BRDA:30,1,1,1
BRDA:30,1,2,1
BRDA:30,1,3,1
BRF:6
BRH:5
end_of_record
TN:
SF:C:\Users\Lastborn\Desktop\WayFarer\src\routes/booking.js
FNF:0
FNH:0
DA:1,1
DA:2,1
DA:3,1
DA:4,1
DA:6,1
DA:7,1
DA:8,1
DA:10,1
DA:12,1
DA:13,1
DA:14,1
DA:16,1
LF:12
LH:12
BRF:0
BRH:0
end_of_record
TN:
SF:C:\Users\Lastborn\Desktop\WayFarer\src\routes/bus.js
FNF:0
FNH:0
DA:1,1
DA:2,1
DA:3,1
DA:4,1
DA:6,1
DA:7,1
DA:8,1
DA:10,1
DA:12,1
DA:14,1
LF:10
LH:10
BRF:0
BRH:0
end_of_record
TN:
SF:C:\Users\Lastborn\Desktop\WayFarer\src\routes/trip.js
FNF:0
FNH:0
DA:1,1
DA:2,1
DA:3,1
DA:4,1
DA:6,1
DA:7,1
DA:8,1
DA:10,1
DA:12,1
DA:13,1
DA:15,1
LF:11
LH:11
BRF:0
BRH:0
end_of_record
TN:
SF:C:\Users\Lastborn\Desktop\WayFarer\src\routes/user.js
FNF:0
FNH:0
DA:1,1
DA:3,1
DA:5,1
DA:7,1
DA:8,1
DA:10,1
DA:12,1
DA:13,1
DA:15,1
LF:9
LH:9
BRF:0
BRH:0
end_of_record
TN:
SF:C:\Users\Lastborn\Desktop\WayFarer\src\services/booking.js
FNF:0
FNH:0
DA:3,1
DA:4,1
DA:5,1
DA:18,1
DA:19,1
DA:20,1
DA:21,1
DA:22,1
DA:23,1
DA:24,1
DA:25,1
DA:26,1
DA:27,1
DA:51,1
DA:52,1
DA:110,1
LF:16
LH:16
BRF:0
BRH:0
end_of_record
TN:
SF:C:\Users\Lastborn\Desktop\WayFarer\src\services/bus.js
FNF:0
FNH:0
DA:1,1
DA:6,1
DA:7,1
DA:19,1
LF:4
LH:4
BRF:0
BRH:0
end_of_record
TN:
SF:C:\Users\Lastborn\Desktop\WayFarer\src\services/trip.js
FNF:0
FNH:0
DA:1,1
DA:2,1
DA:8,1
DA:9,1
DA:41,1
LF:5
LH:5
BRDA:8,0,0,1
BRDA:8,0,1,0
BRF:2
BRH:1
end_of_record
TN:
SF:C:\Users\Lastborn\Desktop\WayFarer\src\services/user.js
FNF:0
FNH:0
DA:2,1
DA:3,1
DA:33,2
DA:34,2
DA:35,2
DA:96,1
LF:6
LH:6
BRF:0
BRH:0
end_of_record
